{"/Users/matthewmonty/Documents/meet/src/App.js": {"path":"/Users/matthewmonty/Documents/meet/src/App.js","statementMap":{"0":{"start":{"line":9,"column":12},"end":{"line":51,"column":1}},"1":{"start":{"line":10,"column":30},"end":{"line":10,"column":42}},"2":{"start":{"line":11,"column":42},"end":{"line":11,"column":54}},"3":{"start":{"line":12,"column":40},"end":{"line":12,"column":66}},"4":{"start":{"line":13,"column":38},"end":{"line":13,"column":52}},"5":{"start":{"line":14,"column":38},"end":{"line":14,"column":50}},"6":{"start":{"line":15,"column":36},"end":{"line":15,"column":48}},"7":{"start":{"line":18,"column":2},"end":{"line":33,"column":32}},"8":{"start":{"line":20,"column":24},"end":{"line":31,"column":3}},"9":{"start":{"line":21,"column":4},"end":{"line":30,"column":5}},"10":{"start":{"line":22,"column":24},"end":{"line":22,"column":41}},"11":{"start":{"line":23,"column":29},"end":{"line":25,"column":67}},"12":{"start":{"line":25,"column":36},"end":{"line":25,"column":66}},"13":{"start":{"line":26,"column":6},"end":{"line":26,"column":53}},"14":{"start":{"line":27,"column":6},"end":{"line":27,"column":51}},"15":{"start":{"line":29,"column":6},"end":{"line":29,"column":53}},"16":{"start":{"line":32,"column":4},"end":{"line":32,"column":20}},"17":{"start":{"line":35,"column":2},"end":{"line":50,"column":4}}},"fnMap":{"0":{"name":"(anonymous_0)","decl":{"start":{"line":9,"column":12},"end":{"line":9,"column":13}},"loc":{"start":{"line":9,"column":18},"end":{"line":51,"column":1}},"line":9},"1":{"name":"(anonymous_1)","decl":{"start":{"line":18,"column":12},"end":{"line":18,"column":13}},"loc":{"start":{"line":18,"column":18},"end":{"line":33,"column":3}},"line":18},"2":{"name":"(anonymous_2)","decl":{"start":{"line":20,"column":24},"end":{"line":20,"column":25}},"loc":{"start":{"line":20,"column":36},"end":{"line":31,"column":3}},"line":20},"3":{"name":"(anonymous_3)","decl":{"start":{"line":25,"column":27},"end":{"line":25,"column":28}},"loc":{"start":{"line":25,"column":36},"end":{"line":25,"column":66}},"line":25}},"branchMap":{"0":{"loc":{"start":{"line":23,"column":29},"end":{"line":25,"column":67}},"type":"cond-expr","locations":[{"start":{"line":24,"column":10},"end":{"line":24,"column":19}},{"start":{"line":25,"column":10},"end":{"line":25,"column":67}}],"line":23},"1":{"loc":{"start":{"line":42,"column":9},"end":{"line":42,"column":62}},"type":"binary-expr","locations":[{"start":{"line":42,"column":9},"end":{"line":42,"column":18}},{"start":{"line":42,"column":22},"end":{"line":42,"column":62}}],"line":42},"2":{"loc":{"start":{"line":47,"column":9},"end":{"line":47,"column":64}},"type":"binary-expr","locations":[{"start":{"line":47,"column":9},"end":{"line":47,"column":19}},{"start":{"line":47,"column":23},"end":{"line":47,"column":64}}],"line":47}},"s":{"0":3,"1":12,"2":12,"3":12,"4":12,"5":12,"6":12,"7":12,"8":6,"9":6,"10":6,"11":6,"12":35,"13":6,"14":6,"15":0,"16":6,"17":12},"f":{"0":12,"1":6,"2":6,"3":35},"b":{"0":[5,1],"1":[12,12],"2":[12,12]},"_coverageSchema":"1a1c01bbd47fc00a2c39e90264f33305004495a9","hash":"8facfa52525774d4eeb80a25255dc6ef51edad7d"}
,"/Users/matthewmonty/Documents/meet/src/api.js": {"path":"/Users/matthewmonty/Documents/meet/src/api.js","statementMap":{"0":{"start":{"line":11,"column":32},"end":{"line":15,"column":1}},"1":{"start":{"line":12,"column":29},"end":{"line":12,"column":66}},"2":{"start":{"line":12,"column":51},"end":{"line":12,"column":65}},"3":{"start":{"line":13,"column":20},"end":{"line":13,"column":52}},"4":{"start":{"line":14,"column":2},"end":{"line":14,"column":19}},"5":{"start":{"line":17,"column":20},"end":{"line":30,"column":1}},"6":{"start":{"line":19,"column":2},"end":{"line":29,"column":3}},"7":{"start":{"line":20,"column":4},"end":{"line":24,"column":31}},"8":{"start":{"line":25,"column":4},"end":{"line":25,"column":45}},"9":{"start":{"line":27,"column":4},"end":{"line":27,"column":68}},"10":{"start":{"line":28,"column":4},"end":{"line":28,"column":45}},"11":{"start":{"line":32,"column":19},"end":{"line":38,"column":1}},"12":{"start":{"line":33,"column":19},"end":{"line":35,"column":3}},"13":{"start":{"line":36,"column":17},"end":{"line":36,"column":38}},"14":{"start":{"line":37,"column":2},"end":{"line":37,"column":16}},"15":{"start":{"line":44,"column":25},"end":{"line":60,"column":1}},"16":{"start":{"line":45,"column":2},"end":{"line":47,"column":3}},"17":{"start":{"line":46,"column":4},"end":{"line":46,"column":20}},"18":{"start":{"line":49,"column":16},"end":{"line":49,"column":38}},"19":{"start":{"line":51,"column":2},"end":{"line":59,"column":3}},"20":{"start":{"line":52,"column":4},"end":{"line":52,"column":18}},"21":{"start":{"line":53,"column":17},"end":{"line":53,"column":106}},"22":{"start":{"line":54,"column":21},"end":{"line":54,"column":37}},"23":{"start":{"line":55,"column":19},"end":{"line":55,"column":40}},"24":{"start":{"line":56,"column":4},"end":{"line":58,"column":23}},"25":{"start":{"line":57,"column":6},"end":{"line":57,"column":27}},"26":{"start":{"line":58,"column":11},"end":{"line":58,"column":23}},"27":{"start":{"line":62,"column":17},"end":{"line":71,"column":1}},"28":{"start":{"line":63,"column":21},"end":{"line":63,"column":45}},"29":{"start":{"line":64,"column":19},"end":{"line":66,"column":3}},"30":{"start":{"line":67,"column":27},"end":{"line":67,"column":48}},"31":{"start":{"line":68,"column":2},"end":{"line":68,"column":69}},"32":{"start":{"line":70,"column":2},"end":{"line":70,"column":22}},"33":{"start":{"line":73,"column":30},"end":{"line":92,"column":1}},"34":{"start":{"line":74,"column":22},"end":{"line":74,"column":58}},"35":{"start":{"line":75,"column":21},"end":{"line":75,"column":67}},"36":{"start":{"line":77,"column":2},"end":{"line":90,"column":7}},"37":{"start":{"line":78,"column":4},"end":{"line":78,"column":50}},"38":{"start":{"line":79,"column":25},"end":{"line":79,"column":68}},"39":{"start":{"line":80,"column":17},"end":{"line":80,"column":47}},"40":{"start":{"line":81,"column":6},"end":{"line":88,"column":7}},"41":{"start":{"line":82,"column":25},"end":{"line":84,"column":9}},"42":{"start":{"line":85,"column":23},"end":{"line":85,"column":44}},"43":{"start":{"line":86,"column":28},"end":{"line":86,"column":34}},"44":{"start":{"line":87,"column":8},"end":{"line":87,"column":48}},"45":{"start":{"line":89,"column":6},"end":{"line":89,"column":36}},"46":{"start":{"line":91,"column":2},"end":{"line":91,"column":21}}},"fnMap":{"0":{"name":"(anonymous_0)","decl":{"start":{"line":11,"column":32},"end":{"line":11,"column":33}},"loc":{"start":{"line":11,"column":49},"end":{"line":15,"column":1}},"line":11},"1":{"name":"(anonymous_1)","decl":{"start":{"line":12,"column":40},"end":{"line":12,"column":41}},"loc":{"start":{"line":12,"column":51},"end":{"line":12,"column":65}},"line":12},"2":{"name":"(anonymous_2)","decl":{"start":{"line":17,"column":20},"end":{"line":17,"column":21}},"loc":{"start":{"line":17,"column":26},"end":{"line":30,"column":1}},"line":17},"3":{"name":"(anonymous_3)","decl":{"start":{"line":32,"column":19},"end":{"line":32,"column":20}},"loc":{"start":{"line":32,"column":42},"end":{"line":38,"column":1}},"line":32},"4":{"name":"(anonymous_4)","decl":{"start":{"line":44,"column":25},"end":{"line":44,"column":26}},"loc":{"start":{"line":44,"column":37},"end":{"line":60,"column":1}},"line":44},"5":{"name":"(anonymous_5)","decl":{"start":{"line":62,"column":17},"end":{"line":62,"column":18}},"loc":{"start":{"line":62,"column":33},"end":{"line":71,"column":1}},"line":62},"6":{"name":"(anonymous_6)","decl":{"start":{"line":73,"column":30},"end":{"line":73,"column":31}},"loc":{"start":{"line":73,"column":42},"end":{"line":92,"column":1}},"line":73}},"branchMap":{"0":{"loc":{"start":{"line":11,"column":33},"end":{"line":11,"column":44}},"type":"default-arg","locations":[{"start":{"line":11,"column":42},"end":{"line":11,"column":44}}],"line":11},"1":{"loc":{"start":{"line":19,"column":2},"end":{"line":29,"column":3}},"type":"if","locations":[{"start":{"line":19,"column":2},"end":{"line":29,"column":3}},{"start":{"line":26,"column":9},"end":{"line":29,"column":3}}],"line":19},"2":{"loc":{"start":{"line":19,"column":6},"end":{"line":19,"column":58}},"type":"binary-expr","locations":[{"start":{"line":19,"column":6},"end":{"line":19,"column":30}},{"start":{"line":19,"column":34},"end":{"line":19,"column":58}}],"line":19},"3":{"loc":{"start":{"line":45,"column":2},"end":{"line":47,"column":3}},"type":"if","locations":[{"start":{"line":45,"column":2},"end":{"line":47,"column":3}},{"start":{},"end":{}}],"line":45},"4":{"loc":{"start":{"line":51,"column":2},"end":{"line":59,"column":3}},"type":"if","locations":[{"start":{"line":51,"column":2},"end":{"line":59,"column":3}},{"start":{},"end":{}}],"line":51},"5":{"loc":{"start":{"line":56,"column":4},"end":{"line":58,"column":23}},"type":"if","locations":[{"start":{"line":56,"column":4},"end":{"line":58,"column":23}},{"start":{"line":58,"column":11},"end":{"line":58,"column":23}}],"line":56},"6":{"loc":{"start":{"line":68,"column":2},"end":{"line":68,"column":68}},"type":"binary-expr","locations":[{"start":{"line":68,"column":2},"end":{"line":68,"column":14}},{"start":{"line":68,"column":18},"end":{"line":68,"column":68}}],"line":68},"7":{"loc":{"start":{"line":75,"column":21},"end":{"line":75,"column":67}},"type":"binary-expr","locations":[{"start":{"line":75,"column":21},"end":{"line":75,"column":32}},{"start":{"line":75,"column":37},"end":{"line":75,"column":66}}],"line":75},"8":{"loc":{"start":{"line":77,"column":2},"end":{"line":90,"column":7}},"type":"if","locations":[{"start":{"line":77,"column":2},"end":{"line":90,"column":7}},{"start":{},"end":{}}],"line":77},"9":{"loc":{"start":{"line":77,"column":6},"end":{"line":77,"column":38}},"type":"binary-expr","locations":[{"start":{"line":77,"column":6},"end":{"line":77,"column":18}},{"start":{"line":77,"column":22},"end":{"line":77,"column":38}}],"line":77},"10":{"loc":{"start":{"line":81,"column":6},"end":{"line":88,"column":7}},"type":"if","locations":[{"start":{"line":81,"column":6},"end":{"line":88,"column":7}},{"start":{},"end":{}}],"line":81},"11":{"loc":{"start":{"line":89,"column":13},"end":{"line":89,"column":35}},"type":"binary-expr","locations":[{"start":{"line":89,"column":13},"end":{"line":89,"column":17}},{"start":{"line":89,"column":21},"end":{"line":89,"column":35}}],"line":89}},"s":{"0":3,"1":9,"2":315,"3":9,"4":9,"5":3,"6":0,"7":0,"8":0,"9":0,"10":0,"11":3,"12":0,"13":0,"14":0,"15":3,"16":11,"17":11,"18":0,"19":0,"20":0,"21":0,"22":0,"23":0,"24":0,"25":0,"26":0,"27":3,"28":0,"29":0,"30":0,"31":0,"32":0,"33":3,"34":0,"35":0,"36":0,"37":0,"38":0,"39":0,"40":0,"41":0,"42":0,"43":0,"44":0,"45":0,"46":0},"f":{"0":9,"1":315,"2":0,"3":0,"4":11,"5":0,"6":0},"b":{"0":[0],"1":[0,0],"2":[0,0],"3":[11,0],"4":[0,0],"5":[0,0],"6":[0,0],"7":[0,0],"8":[0,0],"9":[0,0],"10":[0,0],"11":[0,0]},"_coverageSchema":"1a1c01bbd47fc00a2c39e90264f33305004495a9","hash":"9fbbf63f7b538a55b824f9754fcb94dbb60018be"}
,"/Users/matthewmonty/Documents/meet/src/components/CitySearch.js": {"path":"/Users/matthewmonty/Documents/meet/src/components/CitySearch.js","statementMap":{"0":{"start":{"line":4,"column":19},"end":{"line":52,"column":1}},"1":{"start":{"line":5,"column":48},"end":{"line":5,"column":63}},"2":{"start":{"line":6,"column":28},"end":{"line":6,"column":40}},"3":{"start":{"line":7,"column":40},"end":{"line":7,"column":52}},"4":{"start":{"line":9,"column":29},"end":{"line":17,"column":3}},"5":{"start":{"line":10,"column":17},"end":{"line":10,"column":35}},"6":{"start":{"line":11,"column":30},"end":{"line":13,"column":10}},"7":{"start":{"line":12,"column":42},"end":{"line":12,"column":93}},"8":{"start":{"line":14,"column":4},"end":{"line":14,"column":19}},"9":{"start":{"line":15,"column":4},"end":{"line":15,"column":50}},"10":{"start":{"line":16,"column":4},"end":{"line":16,"column":40}},"11":{"start":{"line":19,"column":28},"end":{"line":24,"column":3}},"12":{"start":{"line":20,"column":18},"end":{"line":20,"column":42}},"13":{"start":{"line":21,"column":4},"end":{"line":21,"column":20}},"14":{"start":{"line":22,"column":4},"end":{"line":22,"column":30}},"15":{"start":{"line":23,"column":4},"end":{"line":23,"column":26}},"16":{"start":{"line":26,"column":2},"end":{"line":26,"column":74}},"17":{"start":{"line":26,"column":20},"end":{"line":26,"column":49}},"18":{"start":{"line":28,"column":2},"end":{"line":51,"column":4}},"19":{"start":{"line":35,"column":23},"end":{"line":35,"column":47}},"20":{"start":{"line":42,"column":11},"end":{"line":42,"column":84}}},"fnMap":{"0":{"name":"(anonymous_0)","decl":{"start":{"line":4,"column":19},"end":{"line":4,"column":20}},"loc":{"start":{"line":4,"column":57},"end":{"line":52,"column":1}},"line":4},"1":{"name":"(anonymous_1)","decl":{"start":{"line":9,"column":29},"end":{"line":9,"column":30}},"loc":{"start":{"line":9,"column":40},"end":{"line":17,"column":3}},"line":9},"2":{"name":"(anonymous_2)","decl":{"start":{"line":12,"column":28},"end":{"line":12,"column":29}},"loc":{"start":{"line":12,"column":42},"end":{"line":12,"column":93}},"line":12},"3":{"name":"(anonymous_3)","decl":{"start":{"line":19,"column":28},"end":{"line":19,"column":29}},"loc":{"start":{"line":19,"column":39},"end":{"line":24,"column":3}},"line":19},"4":{"name":"(anonymous_4)","decl":{"start":{"line":26,"column":12},"end":{"line":26,"column":13}},"loc":{"start":{"line":26,"column":18},"end":{"line":26,"column":51}},"line":26},"5":{"name":"(anonymous_5)","decl":{"start":{"line":35,"column":17},"end":{"line":35,"column":18}},"loc":{"start":{"line":35,"column":23},"end":{"line":35,"column":47}},"line":35},"6":{"name":"(anonymous_6)","decl":{"start":{"line":41,"column":26},"end":{"line":41,"column":27}},"loc":{"start":{"line":41,"column":42},"end":{"line":43,"column":10}},"line":41}},"branchMap":{"0":{"loc":{"start":{"line":11,"column":30},"end":{"line":13,"column":10}},"type":"cond-expr","locations":[{"start":{"line":12,"column":8},"end":{"line":12,"column":94}},{"start":{"line":13,"column":8},"end":{"line":13,"column":10}}],"line":11},"1":{"loc":{"start":{"line":15,"column":19},"end":{"line":15,"column":48}},"type":"cond-expr","locations":[{"start":{"line":15,"column":26},"end":{"line":15,"column":43}},{"start":{"line":15,"column":46},"end":{"line":15,"column":48}}],"line":15},"2":{"loc":{"start":{"line":39,"column":7},"end":{"line":48,"column":13}},"type":"cond-expr","locations":[{"start":{"line":40,"column":7},"end":{"line":47,"column":12}},{"start":{"line":48,"column":9},"end":{"line":48,"column":13}}],"line":39}},"s":{"0":3,"1":74,"2":74,"3":74,"4":74,"5":26,"6":26,"7":36,"8":26,"9":26,"10":26,"11":74,"12":2,"13":2,"14":2,"15":2,"16":74,"17":20,"18":74,"19":6,"20":26},"f":{"0":74,"1":26,"2":36,"3":2,"4":20,"5":6,"6":26},"b":{"0":[26,0],"1":[25,1],"2":[32,42]},"_coverageSchema":"1a1c01bbd47fc00a2c39e90264f33305004495a9","hash":"3f9a37d77c26386d78eef243253823b73dbf3a9d"}
}
