{"/Users/matthewmonti/Documents/meet/src/components/NumberOfEvents.js": {"path":"/Users/matthewmonti/Documents/meet/src/components/NumberOfEvents.js","statementMap":{"0":{"start":{"line":3,"column":23},"end":{"line":32,"column":1}},"1":{"start":{"line":4,"column":32},"end":{"line":4,"column":52}},"2":{"start":{"line":6,"column":31},"end":{"line":17,"column":5}},"3":{"start":{"line":7,"column":22},"end":{"line":7,"column":40}},"4":{"start":{"line":8,"column":8},"end":{"line":8,"column":24}},"5":{"start":{"line":9,"column":8},"end":{"line":16,"column":9}},"6":{"start":{"line":10,"column":12},"end":{"line":10,"column":50}},"7":{"start":{"line":11,"column":15},"end":{"line":16,"column":9}},"8":{"start":{"line":12,"column":12},"end":{"line":12,"column":59}},"9":{"start":{"line":14,"column":12},"end":{"line":14,"column":30}},"10":{"start":{"line":15,"column":12},"end":{"line":15,"column":33}},"11":{"start":{"line":19,"column":4},"end":{"line":31,"column":5}}},"fnMap":{"0":{"name":"(anonymous_0)","decl":{"start":{"line":3,"column":23},"end":{"line":3,"column":24}},"loc":{"start":{"line":3,"column":73},"end":{"line":32,"column":1}},"line":3},"1":{"name":"(anonymous_1)","decl":{"start":{"line":6,"column":31},"end":{"line":6,"column":32}},"loc":{"start":{"line":6,"column":42},"end":{"line":17,"column":5}},"line":6}},"branchMap":{"0":{"loc":{"start":{"line":9,"column":8},"end":{"line":16,"column":9}},"type":"if","locations":[{"start":{"line":9,"column":8},"end":{"line":16,"column":9}},{"start":{"line":11,"column":15},"end":{"line":16,"column":9}}],"line":9},"1":{"loc":{"start":{"line":9,"column":11},"end":{"line":9,"column":36}},"type":"binary-expr","locations":[{"start":{"line":9,"column":11},"end":{"line":9,"column":23}},{"start":{"line":9,"column":27},"end":{"line":9,"column":36}}],"line":9},"2":{"loc":{"start":{"line":11,"column":15},"end":{"line":16,"column":9}},"type":"if","locations":[{"start":{"line":11,"column":15},"end":{"line":16,"column":9}},{"start":{"line":13,"column":15},"end":{"line":16,"column":9}}],"line":11}},"s":{"0":1,"1":7,"2":7,"3":4,"4":4,"5":4,"6":3,"7":1,"8":0,"9":1,"10":1,"11":7},"f":{"0":7,"1":4},"b":{"0":[3,1],"1":[4,4],"2":[0,1]},"_coverageSchema":"1a1c01bbd47fc00a2c39e90264f33305004495a9","hash":"a2a16ac8cd91ed96ec864488f604885ca76a8b27"}
}
