TN:
SF:src/App.js
FN:9,(anonymous_0)
FN:17,(anonymous_1)
FN:19,(anonymous_2)
FN:24,(anonymous_3)
FNF:4
FNH:4
FNDA:12,(anonymous_0)
FNDA:6,(anonymous_1)
FNDA:6,(anonymous_2)
FNDA:35,(anonymous_3)
DA:9,3
DA:10,12
DA:11,12
DA:12,12
DA:13,12
DA:14,12
DA:17,12
DA:19,6
DA:20,6
DA:21,6
DA:22,6
DA:24,35
DA:25,6
DA:26,6
DA:28,0
DA:31,6
DA:34,12
LF:17
LH:16
BRDA:22,0,0,5
BRDA:22,0,1,1
BRDA:37,1,0,12
BRDA:37,1,1,0
BRF:4
BRH:3
end_of_record
TN:
SF:src/api.js
FN:13,(anonymous_0)
FN:14,(anonymous_1)
FN:23,(anonymous_2)
FNF:3
FNH:3
FNDA:9,(anonymous_0)
FNDA:315,(anonymous_1)
FNDA:11,(anonymous_2)
DA:13,3
DA:14,315
DA:15,9
DA:16,9
DA:23,3
DA:24,11
LF:6
LH:6
BRF:0
BRH:0
end_of_record
