TN:
SF:src/App.js
FN:9,(anonymous_0)
FN:18,(anonymous_1)
FN:20,(anonymous_2)
FN:25,(anonymous_3)
FNF:4
FNH:4
FNDA:12,(anonymous_0)
FNDA:6,(anonymous_1)
FNDA:6,(anonymous_2)
FNDA:35,(anonymous_3)
DA:9,3
DA:10,12
DA:11,12
DA:12,12
DA:13,12
DA:14,12
DA:15,12
DA:18,12
DA:20,6
DA:21,6
DA:22,6
DA:23,6
DA:25,35
DA:26,6
DA:27,6
DA:29,0
DA:32,6
DA:35,12
LF:18
LH:17
BRDA:23,0,0,5
BRDA:23,0,1,1
BRDA:42,1,0,12
BRDA:42,1,1,12
BRDA:47,2,0,12
BRDA:47,2,1,12
BRF:6
BRH:6
end_of_record
TN:
SF:src/api.js
FN:11,(anonymous_0)
FN:12,(anonymous_1)
FN:17,(anonymous_2)
FN:32,(anonymous_3)
FN:44,(anonymous_4)
FN:62,(anonymous_5)
FN:73,(anonymous_6)
FNF:7
FNH:3
FNDA:9,(anonymous_0)
FNDA:315,(anonymous_1)
FNDA:0,(anonymous_2)
FNDA:0,(anonymous_3)
FNDA:11,(anonymous_4)
FNDA:0,(anonymous_5)
FNDA:0,(anonymous_6)
DA:11,3
DA:12,315
DA:13,9
DA:14,9
DA:17,3
DA:19,0
DA:20,0
DA:25,0
DA:27,0
DA:28,0
DA:32,3
DA:33,0
DA:36,0
DA:37,0
DA:44,3
DA:45,11
DA:46,11
DA:49,0
DA:51,0
DA:52,0
DA:53,0
DA:54,0
DA:55,0
DA:56,0
DA:57,0
DA:58,0
DA:62,3
DA:63,0
DA:64,0
DA:67,0
DA:68,0
DA:70,0
DA:73,3
DA:74,0
DA:75,0
DA:77,0
DA:78,0
DA:79,0
DA:80,0
DA:81,0
DA:82,0
DA:85,0
DA:86,0
DA:87,0
DA:89,0
DA:91,0
LF:46
LH:11
BRDA:11,0,0,0
BRDA:19,1,0,0
BRDA:19,1,1,0
BRDA:19,2,0,0
BRDA:19,2,1,0
BRDA:45,3,0,11
BRDA:45,3,1,0
BRDA:51,4,0,0
BRDA:51,4,1,0
BRDA:56,5,0,0
BRDA:56,5,1,0
BRDA:68,6,0,0
BRDA:68,6,1,0
BRDA:75,7,0,0
BRDA:75,7,1,0
BRDA:77,8,0,0
BRDA:77,8,1,0
BRDA:77,9,0,0
BRDA:77,9,1,0
BRDA:81,10,0,0
BRDA:81,10,1,0
BRDA:89,11,0,0
BRDA:89,11,1,0
BRF:23
BRH:1
end_of_record
TN:
SF:src/components/CitySearch.js
FN:4,(anonymous_0)
FN:9,(anonymous_1)
FN:12,(anonymous_2)
FN:19,(anonymous_3)
FN:26,(anonymous_4)
FN:35,(anonymous_5)
FN:41,(anonymous_6)
FNF:7
FNH:7
FNDA:74,(anonymous_0)
FNDA:26,(anonymous_1)
FNDA:36,(anonymous_2)
FNDA:2,(anonymous_3)
FNDA:20,(anonymous_4)
FNDA:6,(anonymous_5)
FNDA:26,(anonymous_6)
DA:4,3
DA:5,74
DA:6,74
DA:7,74
DA:9,74
DA:10,26
DA:11,26
DA:12,36
DA:14,26
DA:15,26
DA:16,26
DA:19,74
DA:20,2
DA:21,2
DA:22,2
DA:23,2
DA:26,74
DA:28,74
DA:35,6
DA:42,26
LF:20
LH:20
BRDA:11,0,0,26
BRDA:11,0,1,0
BRDA:15,1,0,25
BRDA:15,1,1,1
BRDA:39,2,0,32
BRDA:39,2,1,42
BRF:6
BRH:5
end_of_record
